1====1446098406218
2=====1446098406222
t2=====1446098406224
t2.2======1446098406226
t1.1=====1446098406469
t1=====1446098406470
[ 't3-1', 't3-2' ]
connected as id 3
1====1446098407212
2=====1446098407217
t2=====1446098407219
t2.2======1446098407219
{ [Error: EEXIST: file already exists, mkdir 'D:\node\app\t1']
  errno: -4075,
  code: 'EEXIST',
  syscall: 'mkdir',
  path: 'D:\\node\\app\\t1' }
t1.1=====1446098407432
[ 't3-1', 't3-2' ]
connected as id 4
1====1446098496344
2=====1446098496348
t2=====1446098496349
t2.2======1446098496350
t1=====1446098496556
t1.1=====1446098496556
[ 't3-1', 't3-2' ]
connected as id 5
